<?xml version="1.0" encoding="UTF-8"?>
<!-- Generated by org.testng.reporters.JUnitReportReporter -->
<testsuite hostname="Salmans-MacBook-Pro.local" failures="0" tests="1" name="docker.ChromeTest3" time="7.220" errors="0" timestamp="2024-08-05T12:46:25 AEST" skipped="0">
  <testcase classname="docker.ChromeTest3" name="test3" time="7.220"/>
</testsuite> <!-- docker.ChromeTest3 -->
