<?xml version="1.0" encoding="UTF-8"?>
<!-- Generated by org.testng.reporters.JUnitReportReporter -->
<testsuite hostname="Salmans-MacBook-Pro.local" failures="0" tests="1" name="docker.Setup2_DockerGrid" time="0.008" errors="0" timestamp="2024-05-19T01:31:18 AEST" skipped="0">
  <testcase classname="docker.Setup2_DockerGrid" name="setup" time="0.008"/>
</testsuite> <!-- docker.Setup2_DockerGrid -->
